0 info it worked if it ends with ok
1 verbose cli [ '/usr/local/Cellar/node/4.1.1/bin/node',
1 verbose cli   '/usr/local/bin/npm',
1 verbose cli   'install',
1 verbose cli   '--save-dev',
1 verbose cli   'audiojs' ]
2 info using npm@2.14.4
3 info using node@v4.1.1
4 verbose install initial load of /Users/mgeraci/Web/portfolio/package.json
5 verbose installManyTop reading scoped package data from /Users/mgeraci/Web/portfolio/node_modules/coffee-loader/package.json
6 verbose installManyTop reading scoped package data from /Users/mgeraci/Web/portfolio/node_modules/coffee-script/package.json
7 verbose installManyTop reading scoped package data from /Users/mgeraci/Web/portfolio/node_modules/gulp/package.json
8 verbose installManyTop reading scoped package data from /Users/mgeraci/Web/portfolio/node_modules/gulp-ruby-sass/package.json
9 verbose installManyTop reading scoped package data from /Users/mgeraci/Web/portfolio/node_modules/gulp-util/package.json
10 verbose installManyTop reading scoped package data from /Users/mgeraci/Web/portfolio/node_modules/jquery/package.json
11 verbose installManyTop reading scoped package data from /Users/mgeraci/Web/portfolio/node_modules/webpack/package.json
12 info package.json coffee-loader@0.7.2 No license field.
13 verbose readDependencies loading dependencies from /Users/mgeraci/Web/portfolio/package.json
14 silly cache add args [ 'audiojs', null ]
15 verbose cache add spec audiojs
16 silly cache add parsed spec Result {
16 silly cache add   raw: 'audiojs',
16 silly cache add   scope: null,
16 silly cache add   name: 'audiojs',
16 silly cache add   rawSpec: '',
16 silly cache add   spec: '*',
16 silly cache add   type: 'range' }
17 silly addNamed audiojs@*
18 verbose addNamed "*" is a valid semver range for audiojs
19 silly addNameRange { name: 'audiojs', range: '*', hasData: false }
20 silly mapToRegistry name audiojs
21 silly mapToRegistry using default registry
22 silly mapToRegistry registry https://registry.npmjs.org/
23 silly mapToRegistry uri https://registry.npmjs.org/audiojs
24 verbose addNameRange registry:https://registry.npmjs.org/audiojs not in flight; fetching
25 verbose request uri https://registry.npmjs.org/audiojs
26 verbose request no auth needed
27 info attempt registry request try #1 at 11:19:10 PM
28 verbose request id 5b3a5f182a0ae989
29 http request GET https://registry.npmjs.org/audiojs
30 http 404 https://registry.npmjs.org/audiojs
31 verbose headers { 'content-type': 'application/json',
31 verbose headers   'cache-control': 'max-age=0',
31 verbose headers   'content-length': '2',
31 verbose headers   'accept-ranges': 'bytes',
31 verbose headers   date: 'Sun, 28 Feb 2016 04:19:11 GMT',
31 verbose headers   via: '1.1 varnish',
31 verbose headers   age: '0',
31 verbose headers   connection: 'keep-alive',
31 verbose headers   'x-served-by': 'cache-atl6229-ATL',
31 verbose headers   'x-cache': 'MISS',
31 verbose headers   'x-cache-hits': '0',
31 verbose headers   'x-timer': 'S1456633151.153852,VS0,VE104' }
32 silly get cb [ 404,
32 silly get   { 'content-type': 'application/json',
32 silly get     'cache-control': 'max-age=0',
32 silly get     'content-length': '2',
32 silly get     'accept-ranges': 'bytes',
32 silly get     date: 'Sun, 28 Feb 2016 04:19:11 GMT',
32 silly get     via: '1.1 varnish',
32 silly get     age: '0',
32 silly get     connection: 'keep-alive',
32 silly get     'x-served-by': 'cache-atl6229-ATL',
32 silly get     'x-cache': 'MISS',
32 silly get     'x-cache-hits': '0',
32 silly get     'x-timer': 'S1456633151.153852,VS0,VE104' } ]
33 verbose stack Error: Registry returned 404 for GET on https://registry.npmjs.org/audiojs
33 verbose stack     at makeError (/usr/local/lib/node_modules/npm/node_modules/npm-registry-client/lib/request.js:263:12)
33 verbose stack     at CachingRegistryClient.<anonymous> (/usr/local/lib/node_modules/npm/node_modules/npm-registry-client/lib/request.js:241:14)
33 verbose stack     at Request._callback (/usr/local/lib/node_modules/npm/node_modules/npm-registry-client/lib/request.js:171:14)
33 verbose stack     at Request.self.callback (/usr/local/lib/node_modules/npm/node_modules/request/request.js:198:22)
33 verbose stack     at emitTwo (events.js:87:13)
33 verbose stack     at Request.emit (events.js:172:7)
33 verbose stack     at Request.<anonymous> (/usr/local/lib/node_modules/npm/node_modules/request/request.js:1073:14)
33 verbose stack     at emitOne (events.js:82:20)
33 verbose stack     at Request.emit (events.js:169:7)
33 verbose stack     at IncomingMessage.<anonymous> (/usr/local/lib/node_modules/npm/node_modules/request/request.js:1019:12)
34 verbose statusCode 404
35 verbose pkgid audiojs
36 verbose cwd /Users/mgeraci/Web/portfolio
37 error Darwin 15.3.0
38 error argv "/usr/local/Cellar/node/4.1.1/bin/node" "/usr/local/bin/npm" "install" "--save-dev" "audiojs"
39 error node v4.1.1
40 error npm  v2.14.4
41 error code E404
42 error 404 Registry returned 404 for GET on https://registry.npmjs.org/audiojs
42 error 404
42 error 404 'audiojs' is not in the npm registry.
42 error 404 You should bug the author to publish it (or use the name yourself!)
42 error 404 It was specified as a dependency of 'portfolio'
42 error 404
42 error 404 Note that you can also install from a
42 error 404 tarball, folder, http url, or git url.
43 verbose exit [ 1, true ]
